<!DOCTYPE html>
<html>
<head>
    <title>FW</title>
    <meta name="generator" content="HTMLTestRunner 1.0.17"/>
    <meta http-equiv="Content-Type" content="text/html; charset=UTF-8"/>
    <link rel="stylesheet" href="stylesheet.css">
    <script src="script.js"></script>
    <style>
        
    </style>
    <script>
        
    </script>
</head>
<body>
<div class='heading'>
    <h1 style="margin-left:1ex;">FW</h1>
    
    <p class='attribute'><strong>Start Time : </strong> 2022-05-05 20:15:51</p>
    
    <p class='attribute'><strong>Duration : </strong> 0:01:41.475574</p>
    
    <p class='attribute'><strong>Status : </strong> Error 1</p>
    
    <p class='attribute'><strong>Descrition : </strong> FW WEB Suite Report</p>
    
    <p class='attribute'><strong>Tested By : </strong> Unknown</p>
    
</div>
<div>
    <p id='show_detail_line'><b>Show</b>
        <button><a href='javascript:showCase(0)' style="color:#660066;">Summary</a></button>
        <button><a href='javascript:showCase(1)' style="color:#660066;">Failed</a></button>
        <button><a href='javascript:showCase(2)' style="color:#660066;">Passed</a></button>
        <button><a href='javascript:showCase(3)' style="color:#660066;">All</a></button>
    </p>
    <table id='result_table'>
        <colgroup>
            <col align='left'/>
            <col align='right'/>
            <col align='right'/>
            <col align='right'/>
            <col align='right'/>
            <col align='right'/>
        </colgroup>
        <tr id='header_row'>
            <td>Test Group/Test case</td>
            <td>Count</td>
            <td>Pass</td>
            <td>Fail</td>
            <td>Error</td>
            <td>View</td>
        </tr>
        
        <tr class='errorClass' style="font-weight:bold;color:white;">
            <td><a href="javascript:showClassDetail('c1','1')">FW_Automation_Local_Deploy_PyCharm.SRL_C.Test_SRL_C</a></td>
            <td>1</td>
            <td>0</td>
            <td>0</td>
            <td>1</td>
            <td>
                <button><a href="javascript:showClassDetail('c1','1')"
                           style="color:#660066;">Detail</a></button>
            </td>
        </tr>
            
            <tr id="ft1.1" class='none'>
                <td class='errorCase'>
                    <div class='testcase'>
                        <a class="popup_link" onfocus='this.blur();'
                           href="javascript:showTestDetail('div_ft1.1')">test_SRL_map</a>
                    </div>
                </td>
                <td colspan='5' align='center'>
                    <div>
                        <!--css div popup start-->
                        <button>
                            <a class="popup_link" onfocus='this.blur();'
                               href="javascript:showTestDetail('div_ft1.1')" style="color:#660066;">
                                ERROR
                            </a></button>
                        <div id='div_ft1.1' class="popup_window">
                            <div style='text-align: right; color:red;cursor:pointer'>
                                <a onfocus='this.blur();'
                                   onclick="document.getElementById('div_ft1.1').style.display = 'none'; "
                                   style="color:red;">
                                    [x]</a>
                            </div>
                            <pre>2022-05-05 20:15:51.856300 : 
                             
                             
2022-05-05 20:15:51.856300 : ====== WebDriver manager ======
                             
2022-05-05 20:15:51.884291 : Current google-chrome version is 101.0.4951
                             
2022-05-05 20:15:51.884291 : Get LATEST chromedriver version for 101.0.4951 google-chrome
                             
2022-05-05 20:15:52.354140 : Driver [C:\Users\KDK\.wdm\drivers\chromedriver\win32\101.0.4951.41\chromedriver.exe] found in cache
                             
2022-05-05 20:16:12.580062 : <selenium.webdriver.remote.webelement.WebElement (session="524aee2f019802d25b27d7f94bbbf25d", element="b0756201-477a-4377-9036-214e7ee88fd9")>
2022-05-05 20:16:41.617988 : nenasle se exponea banner
2022-05-05 20:17:26.936103 : nenasel se large kolecko
</pre>
                            <pre style="color: red;">Traceback (most recent call last):
  File "C:\Users\KDK\Desktop\Automatization_Project_Master\generalized_test_functions.py", line 44, in generalized_map_test
    wait.until(EC.element_to_be_clickable((By.XPATH,
NameError: name 'wait' is not defined

During handling of the above exception, another exception occurred:

Traceback (most recent call last):
  File "C:\Users\KDK\Desktop\Automatization_Project_Master\FW_Automation_Local_Deploy_PyCharm\SRL_C.py", line 123, in test_SRL_map
    generalized_map_test(driver, zobrazitNaMapeXpath)
  File "C:\Users\KDK\Desktop\Automatization_Project_Master\generalized_test_functions.py", line 46, in generalized_map_test
    except NoSuchElementException:
NameError: name 'NoSuchElementException' is not defined
</pre>
                        </div>
                        <!--css div popup end-->
                    </div>
                </td>
            </tr>
            
        

        <tr id='total_row'>
            <td>Total</td>
            <td>1</td>
            <td>0</td>
            <td>0</td>
            <td>1</td>
            <td>&nbsp;</td>
        </tr>
    </table>
</div>
<br><br>
<div id='ending'><b>Time Elapsed: </b>0:01:41.475574</div>
</body>
</html>